2016/06/01 19:46:37 [error] [exception.CHttpException.404] exception 'CHttpException' with message '无法解析请求 "index"。' in N:\phpStudy\WWW\testshop\yii\web\CWebApplication.php:286
Stack trace:
#0 N:\phpStudy\WWW\testshop\yii\web\CWebApplication.php(141): CWebApplication->runController('')
#1 N:\phpStudy\WWW\testshop\yii\base\CApplication.php(185): CWebApplication->processRequest()
#2 N:\phpStudy\WWW\testshop\web\index.php(34): CApplication->run()
#3 {main}
REQUEST_URI=/testshop/web/
HTTP_REFERER=http://demo.local.com/testshop/
---
2016/06/01 19:46:56 [error] [exception.CHttpException.404] exception 'CHttpException' with message '无法解析请求 "index"。' in N:\phpStudy\WWW\testshop\yii\web\CWebApplication.php:286
Stack trace:
#0 N:\phpStudy\WWW\testshop\yii\web\CWebApplication.php(141): CWebApplication->runController('')
#1 N:\phpStudy\WWW\testshop\yii\base\CApplication.php(185): CWebApplication->processRequest()
#2 N:\phpStudy\WWW\testshop\web\index.php(34): CApplication->run()
#3 {main}
REQUEST_URI=/testshop/web/
HTTP_REFERER=http://demo.local.com/testshop/
---
2016/06/01 19:46:57 [error] [exception.CHttpException.404] exception 'CHttpException' with message '无法解析请求 "index"。' in N:\phpStudy\WWW\testshop\yii\web\CWebApplication.php:286
Stack trace:
#0 N:\phpStudy\WWW\testshop\yii\web\CWebApplication.php(141): CWebApplication->runController('')
#1 N:\phpStudy\WWW\testshop\yii\base\CApplication.php(185): CWebApplication->processRequest()
#2 N:\phpStudy\WWW\testshop\web\index.php(34): CApplication->run()
#3 {main}
REQUEST_URI=/testshop/web/
HTTP_REFERER=http://demo.local.com/testshop/
---
2016/06/01 19:46:58 [error] [exception.CHttpException.404] exception 'CHttpException' with message '无法解析请求 "index"。' in N:\phpStudy\WWW\testshop\yii\web\CWebApplication.php:286
Stack trace:
#0 N:\phpStudy\WWW\testshop\yii\web\CWebApplication.php(141): CWebApplication->runController('')
#1 N:\phpStudy\WWW\testshop\yii\base\CApplication.php(185): CWebApplication->processRequest()
#2 N:\phpStudy\WWW\testshop\web\index.php(34): CApplication->run()
#3 {main}
REQUEST_URI=/testshop/web/
HTTP_REFERER=http://demo.local.com/testshop/
---
2016/06/01 19:46:58 [error] [exception.CHttpException.404] exception 'CHttpException' with message '无法解析请求 "index"。' in N:\phpStudy\WWW\testshop\yii\web\CWebApplication.php:286
Stack trace:
#0 N:\phpStudy\WWW\testshop\yii\web\CWebApplication.php(141): CWebApplication->runController('')
#1 N:\phpStudy\WWW\testshop\yii\base\CApplication.php(185): CWebApplication->processRequest()
#2 N:\phpStudy\WWW\testshop\web\index.php(34): CApplication->run()
#3 {main}
REQUEST_URI=/testshop/web/
HTTP_REFERER=http://demo.local.com/testshop/
---
2016/06/01 19:46:59 [error] [exception.CHttpException.404] exception 'CHttpException' with message '无法解析请求 "index"。' in N:\phpStudy\WWW\testshop\yii\web\CWebApplication.php:286
Stack trace:
#0 N:\phpStudy\WWW\testshop\yii\web\CWebApplication.php(141): CWebApplication->runController('')
#1 N:\phpStudy\WWW\testshop\yii\base\CApplication.php(185): CWebApplication->processRequest()
#2 N:\phpStudy\WWW\testshop\web\index.php(34): CApplication->run()
#3 {main}
REQUEST_URI=/testshop/web/
HTTP_REFERER=http://demo.local.com/testshop/
---
2016/06/01 19:46:59 [error] [exception.CHttpException.404] exception 'CHttpException' with message '无法解析请求 "index"。' in N:\phpStudy\WWW\testshop\yii\web\CWebApplication.php:286
Stack trace:
#0 N:\phpStudy\WWW\testshop\yii\web\CWebApplication.php(141): CWebApplication->runController('')
#1 N:\phpStudy\WWW\testshop\yii\base\CApplication.php(185): CWebApplication->processRequest()
#2 N:\phpStudy\WWW\testshop\web\index.php(34): CApplication->run()
#3 {main}
REQUEST_URI=/testshop/web/
HTTP_REFERER=http://demo.local.com/testshop/
---
2016/06/01 19:46:59 [error] [exception.CHttpException.404] exception 'CHttpException' with message '无法解析请求 "index"。' in N:\phpStudy\WWW\testshop\yii\web\CWebApplication.php:286
Stack trace:
#0 N:\phpStudy\WWW\testshop\yii\web\CWebApplication.php(141): CWebApplication->runController('')
#1 N:\phpStudy\WWW\testshop\yii\base\CApplication.php(185): CWebApplication->processRequest()
#2 N:\phpStudy\WWW\testshop\web\index.php(34): CApplication->run()
#3 {main}
REQUEST_URI=/testshop/web/
HTTP_REFERER=http://demo.local.com/testshop/
---
2016/06/01 19:48:19 [error] [exception.CHttpException.404] exception 'CHttpException' with message '无法解析请求 "home"。' in N:\phpStudy\WWW\testshop\yii\web\CWebApplication.php:286
Stack trace:
#0 N:\phpStudy\WWW\testshop\yii\web\CWebApplication.php(141): CWebApplication->runController('')
#1 N:\phpStudy\WWW\testshop\yii\base\CApplication.php(185): CWebApplication->processRequest()
#2 N:\phpStudy\WWW\testshop\web\index.php(34): CApplication->run()
#3 {main}
REQUEST_URI=/testshop/web/
HTTP_REFERER=http://demo.local.com/testshop/
---
2016/06/01 19:48:19 [error] [exception.CHttpException.404] exception 'CHttpException' with message '无法解析请求 "home"。' in N:\phpStudy\WWW\testshop\yii\web\CWebApplication.php:286
Stack trace:
#0 N:\phpStudy\WWW\testshop\yii\web\CWebApplication.php(141): CWebApplication->runController('')
#1 N:\phpStudy\WWW\testshop\yii\base\CApplication.php(185): CWebApplication->processRequest()
#2 N:\phpStudy\WWW\testshop\web\index.php(34): CApplication->run()
#3 {main}
REQUEST_URI=/testshop/web/
HTTP_REFERER=http://demo.local.com/testshop/
---
2016/06/01 19:48:20 [error] [exception.CHttpException.404] exception 'CHttpException' with message '无法解析请求 "home"。' in N:\phpStudy\WWW\testshop\yii\web\CWebApplication.php:286
Stack trace:
#0 N:\phpStudy\WWW\testshop\yii\web\CWebApplication.php(141): CWebApplication->runController('')
#1 N:\phpStudy\WWW\testshop\yii\base\CApplication.php(185): CWebApplication->processRequest()
#2 N:\phpStudy\WWW\testshop\web\index.php(34): CApplication->run()
#3 {main}
REQUEST_URI=/testshop/web/
HTTP_REFERER=http://demo.local.com/testshop/
---
2016/06/01 19:48:20 [error] [exception.CHttpException.404] exception 'CHttpException' with message '无法解析请求 "home"。' in N:\phpStudy\WWW\testshop\yii\web\CWebApplication.php:286
Stack trace:
#0 N:\phpStudy\WWW\testshop\yii\web\CWebApplication.php(141): CWebApplication->runController('')
#1 N:\phpStudy\WWW\testshop\yii\base\CApplication.php(185): CWebApplication->processRequest()
#2 N:\phpStudy\WWW\testshop\web\index.php(34): CApplication->run()
#3 {main}
REQUEST_URI=/testshop/web/
HTTP_REFERER=http://demo.local.com/testshop/
---
2016/06/01 19:48:20 [error] [exception.CHttpException.404] exception 'CHttpException' with message '无法解析请求 "home"。' in N:\phpStudy\WWW\testshop\yii\web\CWebApplication.php:286
Stack trace:
#0 N:\phpStudy\WWW\testshop\yii\web\CWebApplication.php(141): CWebApplication->runController('')
#1 N:\phpStudy\WWW\testshop\yii\base\CApplication.php(185): CWebApplication->processRequest()
#2 N:\phpStudy\WWW\testshop\web\index.php(34): CApplication->run()
#3 {main}
REQUEST_URI=/testshop/web/
HTTP_REFERER=http://demo.local.com/testshop/
---
2016/06/01 19:48:20 [error] [exception.CHttpException.404] exception 'CHttpException' with message '无法解析请求 "home"。' in N:\phpStudy\WWW\testshop\yii\web\CWebApplication.php:286
Stack trace:
#0 N:\phpStudy\WWW\testshop\yii\web\CWebApplication.php(141): CWebApplication->runController('')
#1 N:\phpStudy\WWW\testshop\yii\base\CApplication.php(185): CWebApplication->processRequest()
#2 N:\phpStudy\WWW\testshop\web\index.php(34): CApplication->run()
#3 {main}
REQUEST_URI=/testshop/web/
HTTP_REFERER=http://demo.local.com/testshop/
---
2016/06/01 19:48:40 [error] [php] include(BaseController.php): failed to open stream: No such file or directory (N:\phpStudy\WWW\testshop\yii\YiiBase.php:432)
Stack trace:
#0 N:\phpStudy\WWW\testshop\protected\controllers\HomeController.php(8): spl_autoload_call()
#1 N:\phpStudy\WWW\testshop\yii\web\CWebApplication.php(354): require()
#2 N:\phpStudy\WWW\testshop\yii\web\CWebApplication.php(276): CWebApplication->createController()
#3 N:\phpStudy\WWW\testshop\yii\web\CWebApplication.php(141): CWebApplication->runController()
#4 N:\phpStudy\WWW\testshop\yii\base\CApplication.php(185): CWebApplication->processRequest()
#5 N:\phpStudy\WWW\testshop\web\index.php(34): CWebApplication->run()
REQUEST_URI=/testshop/web/
in N:\phpStudy\WWW\testshop\protected\controllers\HomeController.php (8)
in N:\phpStudy\WWW\testshop\web\index.php (34)
2016/06/01 19:48:41 [error] [php] include(BaseController.php): failed to open stream: No such file or directory (N:\phpStudy\WWW\testshop\yii\YiiBase.php:432)
Stack trace:
#0 N:\phpStudy\WWW\testshop\protected\controllers\HomeController.php(8): spl_autoload_call()
#1 N:\phpStudy\WWW\testshop\yii\web\CWebApplication.php(354): require()
#2 N:\phpStudy\WWW\testshop\yii\web\CWebApplication.php(276): CWebApplication->createController()
#3 N:\phpStudy\WWW\testshop\yii\web\CWebApplication.php(141): CWebApplication->runController()
#4 N:\phpStudy\WWW\testshop\yii\base\CApplication.php(185): CWebApplication->processRequest()
#5 N:\phpStudy\WWW\testshop\web\index.php(34): CWebApplication->run()
REQUEST_URI=/testshop/web/
in N:\phpStudy\WWW\testshop\protected\controllers\HomeController.php (8)
in N:\phpStudy\WWW\testshop\web\index.php (34)
2016/06/01 19:48:42 [error] [php] include(BaseController.php): failed to open stream: No such file or directory (N:\phpStudy\WWW\testshop\yii\YiiBase.php:432)
Stack trace:
#0 N:\phpStudy\WWW\testshop\protected\controllers\HomeController.php(8): spl_autoload_call()
#1 N:\phpStudy\WWW\testshop\yii\web\CWebApplication.php(354): require()
#2 N:\phpStudy\WWW\testshop\yii\web\CWebApplication.php(276): CWebApplication->createController()
#3 N:\phpStudy\WWW\testshop\yii\web\CWebApplication.php(141): CWebApplication->runController()
#4 N:\phpStudy\WWW\testshop\yii\base\CApplication.php(185): CWebApplication->processRequest()
#5 N:\phpStudy\WWW\testshop\web\index.php(34): CWebApplication->run()
REQUEST_URI=/testshop/web/
in N:\phpStudy\WWW\testshop\protected\controllers\HomeController.php (8)
in N:\phpStudy\WWW\testshop\web\index.php (34)
2016/06/01 19:48:42 [error] [php] include(BaseController.php): failed to open stream: No such file or directory (N:\phpStudy\WWW\testshop\yii\YiiBase.php:432)
Stack trace:
#0 N:\phpStudy\WWW\testshop\protected\controllers\HomeController.php(8): spl_autoload_call()
#1 N:\phpStudy\WWW\testshop\yii\web\CWebApplication.php(354): require()
#2 N:\phpStudy\WWW\testshop\yii\web\CWebApplication.php(276): CWebApplication->createController()
#3 N:\phpStudy\WWW\testshop\yii\web\CWebApplication.php(141): CWebApplication->runController()
#4 N:\phpStudy\WWW\testshop\yii\base\CApplication.php(185): CWebApplication->processRequest()
#5 N:\phpStudy\WWW\testshop\web\index.php(34): CWebApplication->run()
REQUEST_URI=/testshop/web/
in N:\phpStudy\WWW\testshop\protected\controllers\HomeController.php (8)
in N:\phpStudy\WWW\testshop\web\index.php (34)
2016/06/01 19:48:42 [error] [php] include(BaseController.php): failed to open stream: No such file or directory (N:\phpStudy\WWW\testshop\yii\YiiBase.php:432)
Stack trace:
#0 N:\phpStudy\WWW\testshop\protected\controllers\HomeController.php(8): spl_autoload_call()
#1 N:\phpStudy\WWW\testshop\yii\web\CWebApplication.php(354): require()
#2 N:\phpStudy\WWW\testshop\yii\web\CWebApplication.php(276): CWebApplication->createController()
#3 N:\phpStudy\WWW\testshop\yii\web\CWebApplication.php(141): CWebApplication->runController()
#4 N:\phpStudy\WWW\testshop\yii\base\CApplication.php(185): CWebApplication->processRequest()
#5 N:\phpStudy\WWW\testshop\web\index.php(34): CWebApplication->run()
REQUEST_URI=/testshop/web/
in N:\phpStudy\WWW\testshop\protected\controllers\HomeController.php (8)
in N:\phpStudy\WWW\testshop\web\index.php (34)
2016/06/01 19:48:42 [error] [php] include(BaseController.php): failed to open stream: No such file or directory (N:\phpStudy\WWW\testshop\yii\YiiBase.php:432)
Stack trace:
#0 N:\phpStudy\WWW\testshop\protected\controllers\HomeController.php(8): spl_autoload_call()
#1 N:\phpStudy\WWW\testshop\yii\web\CWebApplication.php(354): require()
#2 N:\phpStudy\WWW\testshop\yii\web\CWebApplication.php(276): CWebApplication->createController()
#3 N:\phpStudy\WWW\testshop\yii\web\CWebApplication.php(141): CWebApplication->runController()
#4 N:\phpStudy\WWW\testshop\yii\base\CApplication.php(185): CWebApplication->processRequest()
#5 N:\phpStudy\WWW\testshop\web\index.php(34): CWebApplication->run()
REQUEST_URI=/testshop/web/
in N:\phpStudy\WWW\testshop\protected\controllers\HomeController.php (8)
in N:\phpStudy\WWW\testshop\web\index.php (34)
2016/06/01 19:48:43 [error] [php] include(BaseController.php): failed to open stream: No such file or directory (N:\phpStudy\WWW\testshop\yii\YiiBase.php:432)
Stack trace:
#0 N:\phpStudy\WWW\testshop\protected\controllers\HomeController.php(8): spl_autoload_call()
#1 N:\phpStudy\WWW\testshop\yii\web\CWebApplication.php(354): require()
#2 N:\phpStudy\WWW\testshop\yii\web\CWebApplication.php(276): CWebApplication->createController()
#3 N:\phpStudy\WWW\testshop\yii\web\CWebApplication.php(141): CWebApplication->runController()
#4 N:\phpStudy\WWW\testshop\yii\base\CApplication.php(185): CWebApplication->processRequest()
#5 N:\phpStudy\WWW\testshop\web\index.php(34): CWebApplication->run()
REQUEST_URI=/testshop/web/
in N:\phpStudy\WWW\testshop\protected\controllers\HomeController.php (8)
in N:\phpStudy\WWW\testshop\web\index.php (34)
2016/06/01 19:48:43 [error] [php] include(BaseController.php): failed to open stream: No such file or directory (N:\phpStudy\WWW\testshop\yii\YiiBase.php:432)
Stack trace:
#0 N:\phpStudy\WWW\testshop\protected\controllers\HomeController.php(8): spl_autoload_call()
#1 N:\phpStudy\WWW\testshop\yii\web\CWebApplication.php(354): require()
#2 N:\phpStudy\WWW\testshop\yii\web\CWebApplication.php(276): CWebApplication->createController()
#3 N:\phpStudy\WWW\testshop\yii\web\CWebApplication.php(141): CWebApplication->runController()
#4 N:\phpStudy\WWW\testshop\yii\base\CApplication.php(185): CWebApplication->processRequest()
#5 N:\phpStudy\WWW\testshop\web\index.php(34): CWebApplication->run()
REQUEST_URI=/testshop/web/
in N:\phpStudy\WWW\testshop\protected\controllers\HomeController.php (8)
in N:\phpStudy\WWW\testshop\web\index.php (34)
2016/06/01 19:48:43 [error] [php] include(BaseController.php): failed to open stream: No such file or directory (N:\phpStudy\WWW\testshop\yii\YiiBase.php:432)
Stack trace:
#0 N:\phpStudy\WWW\testshop\protected\controllers\HomeController.php(8): spl_autoload_call()
#1 N:\phpStudy\WWW\testshop\yii\web\CWebApplication.php(354): require()
#2 N:\phpStudy\WWW\testshop\yii\web\CWebApplication.php(276): CWebApplication->createController()
#3 N:\phpStudy\WWW\testshop\yii\web\CWebApplication.php(141): CWebApplication->runController()
#4 N:\phpStudy\WWW\testshop\yii\base\CApplication.php(185): CWebApplication->processRequest()
#5 N:\phpStudy\WWW\testshop\web\index.php(34): CWebApplication->run()
REQUEST_URI=/testshop/web/
in N:\phpStudy\WWW\testshop\protected\controllers\HomeController.php (8)
in N:\phpStudy\WWW\testshop\web\index.php (34)
2016/06/01 19:48:43 [error] [php] include(BaseController.php): failed to open stream: No such file or directory (N:\phpStudy\WWW\testshop\yii\YiiBase.php:432)
Stack trace:
#0 N:\phpStudy\WWW\testshop\protected\controllers\HomeController.php(8): spl_autoload_call()
#1 N:\phpStudy\WWW\testshop\yii\web\CWebApplication.php(354): require()
#2 N:\phpStudy\WWW\testshop\yii\web\CWebApplication.php(276): CWebApplication->createController()
#3 N:\phpStudy\WWW\testshop\yii\web\CWebApplication.php(141): CWebApplication->runController()
#4 N:\phpStudy\WWW\testshop\yii\base\CApplication.php(185): CWebApplication->processRequest()
#5 N:\phpStudy\WWW\testshop\web\index.php(34): CWebApplication->run()
REQUEST_URI=/testshop/web/
in N:\phpStudy\WWW\testshop\protected\controllers\HomeController.php (8)
in N:\phpStudy\WWW\testshop\web\index.php (34)
2016/06/01 20:13:53 [error] [php] Undefined variable: dataProvider (N:\phpStudy\WWW\testshop\web\themes\basic\views\home\index.php:8)
Stack trace:
#0 N:\phpStudy\WWW\testshop\yii\web\CController.php(869): HomeController->renderFile()
#1 N:\phpStudy\WWW\testshop\yii\web\CController.php(782): HomeController->renderPartial()
#2 N:\phpStudy\WWW\testshop\protected\controllers\HomeController.php(13): HomeController->render()
#3 N:\phpStudy\WWW\testshop\yii\web\actions\CInlineAction.php(49): HomeController->actionIndex()
#4 N:\phpStudy\WWW\testshop\yii\web\CController.php(308): CInlineAction->runWithParams()
#5 N:\phpStudy\WWW\testshop\yii\web\CController.php(286): HomeController->runAction()
#6 N:\phpStudy\WWW\testshop\yii\web\CController.php(265): HomeController->runActionWithFilters()
#7 N:\phpStudy\WWW\testshop\yii\web\CWebApplication.php(282): HomeController->run()
#8 N:\phpStudy\WWW\testshop\yii\web\CWebApplication.php(141): CWebApplication->runController()
#9 N:\phpStudy\WWW\testshop\yii\base\CApplication.php(185): CWebApplication->processRequest()
#10 N:\phpStudy\WWW\testshop\web\index.php(34): CWebApplication->run()
REQUEST_URI=/testshop/web/
in N:\phpStudy\WWW\testshop\web\themes\basic\views\home\index.php (8)
in N:\phpStudy\WWW\testshop\protected\controllers\HomeController.php (13)
in N:\phpStudy\WWW\testshop\web\index.php (34)
2016/06/01 20:13:54 [error] [php] Undefined variable: dataProvider (N:\phpStudy\WWW\testshop\web\themes\basic\views\home\index.php:8)
Stack trace:
#0 N:\phpStudy\WWW\testshop\yii\web\CController.php(869): HomeController->renderFile()
#1 N:\phpStudy\WWW\testshop\yii\web\CController.php(782): HomeController->renderPartial()
#2 N:\phpStudy\WWW\testshop\protected\controllers\HomeController.php(13): HomeController->render()
#3 N:\phpStudy\WWW\testshop\yii\web\actions\CInlineAction.php(49): HomeController->actionIndex()
#4 N:\phpStudy\WWW\testshop\yii\web\CController.php(308): CInlineAction->runWithParams()
#5 N:\phpStudy\WWW\testshop\yii\web\CController.php(286): HomeController->runAction()
#6 N:\phpStudy\WWW\testshop\yii\web\CController.php(265): HomeController->runActionWithFilters()
#7 N:\phpStudy\WWW\testshop\yii\web\CWebApplication.php(282): HomeController->run()
#8 N:\phpStudy\WWW\testshop\yii\web\CWebApplication.php(141): CWebApplication->runController()
#9 N:\phpStudy\WWW\testshop\yii\base\CApplication.php(185): CWebApplication->processRequest()
#10 N:\phpStudy\WWW\testshop\web\index.php(34): CWebApplication->run()
REQUEST_URI=/testshop/web/
in N:\phpStudy\WWW\testshop\web\themes\basic\views\home\index.php (8)
in N:\phpStudy\WWW\testshop\protected\controllers\HomeController.php (13)
in N:\phpStudy\WWW\testshop\web\index.php (34)
2016/06/01 20:13:54 [error] [php] Undefined variable: dataProvider (N:\phpStudy\WWW\testshop\web\themes\basic\views\home\index.php:8)
Stack trace:
#0 N:\phpStudy\WWW\testshop\yii\web\CController.php(869): HomeController->renderFile()
#1 N:\phpStudy\WWW\testshop\yii\web\CController.php(782): HomeController->renderPartial()
#2 N:\phpStudy\WWW\testshop\protected\controllers\HomeController.php(13): HomeController->render()
#3 N:\phpStudy\WWW\testshop\yii\web\actions\CInlineAction.php(49): HomeController->actionIndex()
#4 N:\phpStudy\WWW\testshop\yii\web\CController.php(308): CInlineAction->runWithParams()
#5 N:\phpStudy\WWW\testshop\yii\web\CController.php(286): HomeController->runAction()
#6 N:\phpStudy\WWW\testshop\yii\web\CController.php(265): HomeController->runActionWithFilters()
#7 N:\phpStudy\WWW\testshop\yii\web\CWebApplication.php(282): HomeController->run()
#8 N:\phpStudy\WWW\testshop\yii\web\CWebApplication.php(141): CWebApplication->runController()
#9 N:\phpStudy\WWW\testshop\yii\base\CApplication.php(185): CWebApplication->processRequest()
#10 N:\phpStudy\WWW\testshop\web\index.php(34): CWebApplication->run()
REQUEST_URI=/testshop/web/
in N:\phpStudy\WWW\testshop\web\themes\basic\views\home\index.php (8)
in N:\phpStudy\WWW\testshop\protected\controllers\HomeController.php (13)
in N:\phpStudy\WWW\testshop\web\index.php (34)
2016/06/01 20:13:54 [error] [php] Undefined variable: dataProvider (N:\phpStudy\WWW\testshop\web\themes\basic\views\home\index.php:8)
Stack trace:
#0 N:\phpStudy\WWW\testshop\yii\web\CController.php(869): HomeController->renderFile()
#1 N:\phpStudy\WWW\testshop\yii\web\CController.php(782): HomeController->renderPartial()
#2 N:\phpStudy\WWW\testshop\protected\controllers\HomeController.php(13): HomeController->render()
#3 N:\phpStudy\WWW\testshop\yii\web\actions\CInlineAction.php(49): HomeController->actionIndex()
#4 N:\phpStudy\WWW\testshop\yii\web\CController.php(308): CInlineAction->runWithParams()
#5 N:\phpStudy\WWW\testshop\yii\web\CController.php(286): HomeController->runAction()
#6 N:\phpStudy\WWW\testshop\yii\web\CController.php(265): HomeController->runActionWithFilters()
#7 N:\phpStudy\WWW\testshop\yii\web\CWebApplication.php(282): HomeController->run()
#8 N:\phpStudy\WWW\testshop\yii\web\CWebApplication.php(141): CWebApplication->runController()
#9 N:\phpStudy\WWW\testshop\yii\base\CApplication.php(185): CWebApplication->processRequest()
#10 N:\phpStudy\WWW\testshop\web\index.php(34): CWebApplication->run()
REQUEST_URI=/testshop/web/
in N:\phpStudy\WWW\testshop\web\themes\basic\views\home\index.php (8)
in N:\phpStudy\WWW\testshop\protected\controllers\HomeController.php (13)
in N:\phpStudy\WWW\testshop\web\index.php (34)
2016/06/01 20:13:54 [error] [php] Undefined variable: dataProvider (N:\phpStudy\WWW\testshop\web\themes\basic\views\home\index.php:8)
Stack trace:
#0 N:\phpStudy\WWW\testshop\yii\web\CController.php(869): HomeController->renderFile()
#1 N:\phpStudy\WWW\testshop\yii\web\CController.php(782): HomeController->renderPartial()
#2 N:\phpStudy\WWW\testshop\protected\controllers\HomeController.php(13): HomeController->render()
#3 N:\phpStudy\WWW\testshop\yii\web\actions\CInlineAction.php(49): HomeController->actionIndex()
#4 N:\phpStudy\WWW\testshop\yii\web\CController.php(308): CInlineAction->runWithParams()
#5 N:\phpStudy\WWW\testshop\yii\web\CController.php(286): HomeController->runAction()
#6 N:\phpStudy\WWW\testshop\yii\web\CController.php(265): HomeController->runActionWithFilters()
#7 N:\phpStudy\WWW\testshop\yii\web\CWebApplication.php(282): HomeController->run()
#8 N:\phpStudy\WWW\testshop\yii\web\CWebApplication.php(141): CWebApplication->runController()
#9 N:\phpStudy\WWW\testshop\yii\base\CApplication.php(185): CWebApplication->processRequest()
#10 N:\phpStudy\WWW\testshop\web\index.php(34): CWebApplication->run()
REQUEST_URI=/testshop/web/
in N:\phpStudy\WWW\testshop\web\themes\basic\views\home\index.php (8)
in N:\phpStudy\WWW\testshop\protected\controllers\HomeController.php (13)
in N:\phpStudy\WWW\testshop\web\index.php (34)
